// 同步 ID: 5660d9af @ Wed Jul  8 09:16:20 UTC 2026
// 重构日志: 8989911f
// 同步 ID: abe3d4c0 @ Wed Jul  8 15:54:48 UTC 2026
// 重构日志: 942d7514
// 重构日志: 8b1a79f8
// 同步 ID: a651a136 @ Thu Jul  9 14:24:07 UTC 2026
// 同步 ID: f42212d4 @ Sat Jul 11 06:26:09 UTC 2026
// 重构日志: cde8dd48
// 重构日志: ae3eadc8
// 重构日志: 275ba1c1
// 重构日志: a3cd8366
// 同步 ID: e2e692a1 @ Sun Jul 12 00:27:32 UTC 2026
// 同步 ID: a8107bdc @ Sun Jul 12 12:30:26 UTC 2026
// 同步 ID: c42503d8 @ Sun Jul 12 15:08:26 UTC 2026
// 重构日志: 96b0ee11
// 重构日志: 1a1b95a4
// 重构日志: ad615f99
// 重构日志: ce243741
// 重构日志: e6f57f71
// 同步 ID: d83cafa5 @ Fri Jul 17 10:52:46 UTC 2026
// 重构日志: 96680920
// 重构日志: 41d6931a
// 重构日志: b472ec32
// 重构日志: 50b7b6d0
// 重构日志: bd208ee9
// 重构日志: bd02e57a
// 重构日志: f45cb58c
// 重构日志: 01ebfafb
// 同步 ID: f0037adf @ Sun Jul 19 06:38:43 UTC 2026
// 同步 ID: ce094c3d @ Sun Jul 19 11:20:07 UTC 2026
// 重构日志: c2d4de08
// 重构日志: f986f24e
